# JRE version: OpenJDK Runtime Environment (8.0_242-b01) (build 1.8.0_242-release-1644-b01)
# Java VM: OpenJDK 64-Bit Server VM (25.242-b01 mixed mode windows-amd64 compressed oops)
Heap:
 PSYoungGen      total 593920K, used 251936K [0x00000000d5580000, 0x0000000100000000, 0x0000000100000000)
  eden space 504320K, 33% used [0x00000000d5580000,0x00000000dfbfa230,0x00000000f4200000)
  from space 89600K, 90% used [0x00000000fa000000,0x00000000fef8df10,0x00000000ff780000)
  to   space 96256K, 0% used [0x00000000f4200000,0x00000000f4200000,0x00000000fa000000)
 ParOldGen       total 490496K, used 211034K [0x0000000080000000, 0x000000009df00000, 0x00000000d5580000)
  object space 490496K, 43% used [0x0000000080000000,0x000000008ce16b40,0x000000009df00000)
 Metaspace       used 234215K, capacity 251492K, committed 251564K, reserved 1267712K
  class space    used 30258K, capacity 33440K, committed 33452K, reserved 1048576K
GC Heap History (10 events):
Event: 2149.503 GC heap before
{Heap before GC invocations=57 (full 5):
 PSYoungGen      total 556032K, used 555565K [0x00000000d5580000, 0x00000000ffb00000, 0x0000000100000000)
  eden space 505344K, 100% used [0x00000000d5580000,0x00000000f4300000,0x00000000f4300000)
  from space 50688K, 99% used [0x00000000f4300000,0x00000000f740b630,0x00000000f7480000)
  to   space 92672K, 0% used [0x00000000fa080000,0x00000000fa080000,0x00000000ffb00000)
 ParOldGen       total 490496K, used 189441K [0x0000000080000000, 0x000000009df00000, 0x00000000d5580000)
  object space 490496K, 38% used [0x0000000080000000,0x000000008b900628,0x000000009df00000)
 Metaspace       used 195879K, capacity 210470K, committed 210732K, reserved 1232896K
  class space    used 25168K, capacity 27846K, committed 27948K, reserved 1048576K
Event: 2149.529 GC heap after
Heap after GC invocations=57 (full 5):
 PSYoungGen      total 605184K, used 51367K [0x00000000d5580000, 0x0000000100000000, 0x0000000100000000)
  eden space 512512K, 0% used [0x00000000d5580000,0x00000000d5580000,0x00000000f4a00000)
  from space 92672K, 55% used [0x00000000fa080000,0x00000000fd2a9e48,0x00000000ffb00000)
  to   space 88576K, 0% used [0x00000000f4a00000,0x00000000f4a00000,0x00000000fa080000)
 ParOldGen       total 490496K, used 189633K [0x0000000080000000, 0x000000009df00000, 0x00000000d5580000)
  object space 490496K, 38% used [0x0000000080000000,0x000000008b930658,0x000000009df00000)
 Metaspace       used 195879K, capacity 210470K, committed 210732K, reserved 1232896K
  class space    used 25168K, capacity 27846K, committed 27948K, reserved 1048576K
}
Event: 3100.782 GC heap before
{Heap before GC invocations=58 (full 5):
 PSYoungGen      total 605184K, used 563879K [0x00000000d5580000, 0x0000000100000000, 0x0000000100000000)
  eden space 512512K, 100% used [0x00000000d5580000,0x00000000f4a00000,0x00000000f4a00000)
  from space 92672K, 55% used [0x00000000fa080000,0x00000000fd2a9e48,0x00000000ffb00000)
  to   space 88576K, 0% used [0x00000000f4a00000,0x00000000f4a00000,0x00000000fa080000)
 ParOldGen       total 490496K, used 189633K [0x0000000080000000, 0x000000009df00000, 0x00000000d5580000)
  object space 490496K, 38% used [0x0000000080000000,0x000000008b930658,0x000000009df00000)
 Metaspace       used 221057K, capacity 236866K, committed 237228K, reserved 1255424K
  class space    used 28570K, capacity 31533K, committed 31660K, reserved 1048576K
Event: 3100.816 GC heap after
Heap after GC invocations=58 (full 5):
 PSYoungGen      total 601088K, used 81103K [0x00000000d5580000, 0x0000000100000000, 0x0000000100000000)
  eden space 512512K, 0% used [0x00000000d5580000,0x00000000d5580000,0x00000000f4a00000)
  from space 88576K, 91% used [0x00000000f4a00000,0x00000000f9933de0,0x00000000fa080000)
  to   space 95744K, 0% used [0x00000000fa280000,0x00000000fa280000,0x0000000100000000)
 ParOldGen       total 490496K, used 190577K [0x0000000080000000, 0x000000009df00000, 0x00000000d5580000)
  object space 490496K, 38% used [0x0000000080000000,0x000000008ba1c658,0x000000009df00000)
 Metaspace       used 221057K, capacity 236866K, committed 237228K, reserved 1255424K
  class space    used 28570K, capacity 31533K, committed 31660K, reserved 1048576K
}
Event: 4146.589 GC heap before
{Heap before GC invocations=59 (full 5):
 PSYoungGen      total 601088K, used 593615K [0x00000000d5580000, 0x0000000100000000, 0x0000000100000000)
  eden space 512512K, 100% used [0x00000000d5580000,0x00000000f4a00000,0x00000000f4a00000)
  from space 88576K, 91% used [0x00000000f4a00000,0x00000000f9933de0,0x00000000fa080000)
  to   space 95744K, 0% used [0x00000000fa280000,0x00000000fa280000,0x0000000100000000)
 ParOldGen       total 490496K, used 190577K [0x0000000080000000, 0x000000009df00000, 0x00000000d5580000)
  object space 490496K, 38% used [0x0000000080000000,0x000000008ba1c658,0x000000009df00000)
 Metaspace       used 224007K, capacity 239992K, committed 240044K, reserved 1257472K
  class space    used 28915K, capacity 31908K, committed 31916K, reserved 1048576K
Event: 4146.617 GC heap after
Heap after GC invocations=59 (full 5):
 PSYoungGen      total 606720K, used 56502K [0x00000000d5580000, 0x0000000100000000, 0x0000000100000000)
  eden space 510976K, 0% used [0x00000000d5580000,0x00000000d5580000,0x00000000f4880000)
  from space 95744K, 59% used [0x00000000fa280000,0x00000000fd9adb10,0x0000000100000000)
  to   space 92160K, 0% used [0x00000000f4880000,0x00000000f4880000,0x00000000fa280000)
 ParOldGen       total 490496K, used 200337K [0x0000000080000000, 0x000000009df00000, 0x00000000d5580000)
  object space 490496K, 40% used [0x0000000080000000,0x000000008c3a4658,0x000000009df00000)
 Metaspace       used 224007K, capacity 239992K, committed 240044K, reserved 1257472K
  class space    used 28915K, capacity 31908K, committed 31916K, reserved 1048576K
}
Event: 4148.292 GC heap before
{Heap before GC invocations=60 (full 5):
 PSYoungGen      total 606720K, used 567478K [0x00000000d5580000, 0x0000000100000000, 0x0000000100000000)
  eden space 510976K, 100% used [0x00000000d5580000,0x00000000f4880000,0x00000000f4880000)
  from space 95744K, 59% used [0x00000000fa280000,0x00000000fd9adb10,0x0000000100000000)
  to   space 92160K, 0% used [0x00000000f4880000,0x00000000f4880000,0x00000000fa280000)
 ParOldGen       total 490496K, used 200337K [0x0000000080000000, 0x000000009df00000, 0x00000000d5580000)
  object space 490496K, 40% used [0x0000000080000000,0x000000008c3a4658,0x000000009df00000)
 Metaspace       used 232900K, capacity 249948K, committed 250156K, reserved 1265664K
  class space    used 30145K, capacity 33280K, committed 33324K, reserved 1048576K
Event: 4148.322 GC heap after
Heap after GC invocations=60 (full 5):
 PSYoungGen      total 569344K, used 57993K [0x00000000d5580000, 0x00000000ff780000, 0x0000000100000000)
  eden space 510976K, 0% used [0x00000000d5580000,0x00000000d5580000,0x00000000f4880000)
  from space 58368K, 99% used [0x00000000f4880000,0x00000000f81224b0,0x00000000f8180000)
  to   space 89600K, 0% used [0x00000000fa000000,0x00000000fa000000,0x00000000ff780000)
 ParOldGen       total 490496K, used 208494K [0x0000000080000000, 0x000000009df00000, 0x00000000d5580000)
  object space 490496K, 42% used [0x0000000080000000,0x000000008cb9bb20,0x000000009df00000)
 Metaspace       used 232900K, capacity 249948K, committed 250156K, reserved 1265664K
  class space    used 30145K, capacity 33280K, committed 33324K, reserved 1048576K
}
Event: 4149.855 GC heap before
{Heap before GC invocations=61 (full 5):
 PSYoungGen      total 569344K, used 568969K [0x00000000d5580000, 0x00000000ff780000, 0x0000000100000000)
  eden space 510976K, 100% used [0x00000000d5580000,0x00000000f4880000,0x00000000f4880000)
  from space 58368K, 99% used [0x00000000f4880000,0x00000000f81224b0,0x00000000f8180000)
  to   space 89600K, 0% used [0x00000000fa000000,0x00000000fa000000,0x00000000ff780000)
 ParOldGen       total 490496K, used 208494K [0x0000000080000000, 0x000000009df00000, 0x00000000d5580000)
  object space 490496K, 42% used [0x0000000080000000,0x000000008cb9bb20,0x000000009df00000)
 Metaspace       used 233887K, capacity 251122K, committed 251308K, reserved 1267712K
  class space    used 30242K, capacity 33399K, committed 33452K, reserved 1048576K
Event: 4149.886 GC heap after
Heap after GC invocations=61 (full 5):
 PSYoungGen      total 593920K, used 81463K [0x00000000d5580000, 0x0000000100000000, 0x0000000100000000)
  eden space 504320K, 0% used [0x00000000d5580000,0x00000000d5580000,0x00000000f4200000)
  from space 89600K, 90% used [0x00000000fa000000,0x00000000fef8df10,0x00000000ff780000)
  to   space 96256K, 0% used [0x00000000f4200000,0x00000000f4200000,0x00000000fa000000)
 ParOldGen       total 490496K, used 211034K [0x0000000080000000, 0x000000009df00000, 0x00000000d5580000)
  object space 490496K, 43% used [0x0000000080000000,0x000000008ce16b40,0x000000009df00000)
 Metaspace       used 233887K, capacity 251122K, committed 251308K, reserved 1267712K
  class space    used 30242K, capacity 33399K, committed 33452K, reserved 1048576K
}

