# JRE version: OpenJDK Runtime Environment (8.0_242-b01) (build 1.8.0_242-release-1644-b01)
# Java VM: OpenJDK 64-Bit Server VM (25.242-b01 mixed mode windows-amd64 compressed oops)
Heap:
 PSYoungGen      total 220672K, used 34510K [0x00000000d5580000, 0x00000000e3f00000, 0x0000000100000000)
  eden space 204800K, 16% used [0x00000000d5580000,0x00000000d7733b10,0x00000000e1d80000)
  from space 15872K, 0% used [0x00000000e2c80000,0x00000000e2c80000,0x00000000e3c00000)
  to   space 15360K, 0% used [0x00000000e1d80000,0x00000000e1d80000,0x00000000e2c80000)
 ParOldGen       total 98816K, used 14729K [0x0000000080000000, 0x0000000086080000, 0x00000000d5580000)
  object space 98816K, 14% used [0x0000000080000000,0x0000000080e62780,0x0000000086080000)
 Metaspace       used 35981K, capacity 37342K, committed 37544K, reserved 1081344K
  class space    used 4957K, capacity 5240K, committed 5296K, reserved 1048576K
GC Heap History (10 events):
Event: 1.786 GC heap before
{Heap before GC invocations=4 (full 0):
 PSYoungGen      total 75776K, used 21849K [0x00000000d5580000, 0x00000000de980000, 0x0000000100000000)
  eden space 65024K, 17% used [0x00000000d5580000,0x00000000d605b6a0,0x00000000d9500000)
  from space 10752K, 99% used [0x00000000d9500000,0x00000000d9f7af58,0x00000000d9f80000)
  to   space 10752K, 0% used [0x00000000ddf00000,0x00000000ddf00000,0x00000000de980000)
 ParOldGen       total 173568K, used 876K [0x0000000080000000, 0x000000008a980000, 0x00000000d5580000)
  object space 173568K, 0% used [0x0000000080000000,0x00000000800db130,0x000000008a980000)
 Metaspace       used 20561K, capacity 21208K, committed 21296K, reserved 1067008K
  class space    used 2873K, capacity 3076K, committed 3120K, reserved 1048576K
Event: 1.791 GC heap after
Heap after GC invocations=4 (full 0):
 PSYoungGen      total 140800K, used 7416K [0x00000000d5580000, 0x00000000de980000, 0x0000000100000000)
  eden space 130048K, 0% used [0x00000000d5580000,0x00000000d5580000,0x00000000dd480000)
  from space 10752K, 68% used [0x00000000ddf00000,0x00000000de63e070,0x00000000de980000)
  to   space 10752K, 0% used [0x00000000dd480000,0x00000000dd480000,0x00000000ddf00000)
 ParOldGen       total 173568K, used 884K [0x0000000080000000, 0x000000008a980000, 0x00000000d5580000)
  object space 173568K, 0% used [0x0000000080000000,0x00000000800dd130,0x000000008a980000)
 Metaspace       used 20561K, capacity 21208K, committed 21296K, reserved 1067008K
  class space    used 2873K, capacity 3076K, committed 3120K, reserved 1048576K
}
Event: 1.791 GC heap before
{Heap before GC invocations=5 (full 1):
 PSYoungGen      total 140800K, used 7416K [0x00000000d5580000, 0x00000000de980000, 0x0000000100000000)
  eden space 130048K, 0% used [0x00000000d5580000,0x00000000d5580000,0x00000000dd480000)
  from space 10752K, 68% used [0x00000000ddf00000,0x00000000de63e070,0x00000000de980000)
  to   space 10752K, 0% used [0x00000000dd480000,0x00000000dd480000,0x00000000ddf00000)
 ParOldGen       total 173568K, used 884K [0x0000000080000000, 0x000000008a980000, 0x00000000d5580000)
  object space 173568K, 0% used [0x0000000080000000,0x00000000800dd130,0x000000008a980000)
 Metaspace       used 20561K, capacity 21208K, committed 21296K, reserved 1067008K
  class space    used 2873K, capacity 3076K, committed 3120K, reserved 1048576K
Event: 1.822 GC heap after
Heap after GC invocations=5 (full 1):
 PSYoungGen      total 140800K, used 0K [0x00000000d5580000, 0x00000000de980000, 0x0000000100000000)
  eden space 130048K, 0% used [0x00000000d5580000,0x00000000d5580000,0x00000000dd480000)
  from space 10752K, 0% used [0x00000000ddf00000,0x00000000ddf00000,0x00000000de980000)
  to   space 10752K, 0% used [0x00000000dd480000,0x00000000dd480000,0x00000000ddf00000)
 ParOldGen       total 98816K, used 7120K [0x0000000080000000, 0x0000000086080000, 0x00000000d5580000)
  object space 98816K, 7% used [0x0000000080000000,0x00000000806f4200,0x0000000086080000)
 Metaspace       used 20561K, capacity 21208K, committed 21296K, reserved 1067008K
  class space    used 2873K, capacity 3076K, committed 3120K, reserved 1048576K
}
Event: 2.705 GC heap before
{Heap before GC invocations=6 (full 1):
 PSYoungGen      total 140800K, used 130048K [0x00000000d5580000, 0x00000000de980000, 0x0000000100000000)
  eden space 130048K, 100% used [0x00000000d5580000,0x00000000dd480000,0x00000000dd480000)
  from space 10752K, 0% used [0x00000000ddf00000,0x00000000ddf00000,0x00000000de980000)
  to   space 10752K, 0% used [0x00000000dd480000,0x00000000dd480000,0x00000000ddf00000)
 ParOldGen       total 98816K, used 7120K [0x0000000080000000, 0x0000000086080000, 0x00000000d5580000)
  object space 98816K, 7% used [0x0000000080000000,0x00000000806f4200,0x0000000086080000)
 Metaspace       used 32747K, capacity 33780K, committed 33968K, reserved 1079296K
  class space    used 4480K, capacity 4750K, committed 4784K, reserved 1048576K
Event: 2.713 GC heap after
Heap after GC invocations=6 (full 1):
 PSYoungGen      total 140800K, used 10737K [0x00000000d5580000, 0x00000000e3c00000, 0x0000000100000000)
  eden space 130048K, 0% used [0x00000000d5580000,0x00000000d5580000,0x00000000dd480000)
  from space 10752K, 99% used [0x00000000dd480000,0x00000000ddefc700,0x00000000ddf00000)
  to   space 15872K, 0% used [0x00000000e2c80000,0x00000000e2c80000,0x00000000e3c00000)
 ParOldGen       total 98816K, used 10584K [0x0000000080000000, 0x0000000086080000, 0x00000000d5580000)
  object space 98816K, 10% used [0x0000000080000000,0x0000000080a56118,0x0000000086080000)
 Metaspace       used 32747K, capacity 33780K, committed 33968K, reserved 1079296K
  class space    used 4480K, capacity 4750K, committed 4784K, reserved 1048576K
}
Event: 2.840 GC heap before
{Heap before GC invocations=7 (full 1):
 PSYoungGen      total 140800K, used 42594K [0x00000000d5580000, 0x00000000e3c00000, 0x0000000100000000)
  eden space 130048K, 24% used [0x00000000d5580000,0x00000000d749c418,0x00000000dd480000)
  from space 10752K, 99% used [0x00000000dd480000,0x00000000ddefc700,0x00000000ddf00000)
  to   space 15872K, 0% used [0x00000000e2c80000,0x00000000e2c80000,0x00000000e3c00000)
 ParOldGen       total 98816K, used 10584K [0x0000000080000000, 0x0000000086080000, 0x00000000d5580000)
  object space 98816K, 10% used [0x0000000080000000,0x0000000080a56118,0x0000000086080000)
 Metaspace       used 34345K, capacity 35404K, committed 35496K, reserved 1079296K
  class space    used 4733K, capacity 5003K, committed 5040K, reserved 1048576K
Event: 2.845 GC heap after
Heap after GC invocations=7 (full 1):
 PSYoungGen      total 220672K, used 8378K [0x00000000d5580000, 0x00000000e3f00000, 0x0000000100000000)
  eden space 204800K, 0% used [0x00000000d5580000,0x00000000d5580000,0x00000000e1d80000)
  from space 15872K, 52% used [0x00000000e2c80000,0x00000000e34ae908,0x00000000e3c00000)
  to   space 15360K, 0% used [0x00000000e1d80000,0x00000000e1d80000,0x00000000e2c80000)
 ParOldGen       total 98816K, used 10592K [0x0000000080000000, 0x0000000086080000, 0x00000000d5580000)
  object space 98816K, 10% used [0x0000000080000000,0x0000000080a58118,0x0000000086080000)
 Metaspace       used 34345K, capacity 35404K, committed 35496K, reserved 1079296K
  class space    used 4733K, capacity 5003K, committed 5040K, reserved 1048576K
}
Event: 2.845 GC heap before
{Heap before GC invocations=8 (full 2):
 PSYoungGen      total 220672K, used 8378K [0x00000000d5580000, 0x00000000e3f00000, 0x0000000100000000)
  eden space 204800K, 0% used [0x00000000d5580000,0x00000000d5580000,0x00000000e1d80000)
  from space 15872K, 52% used [0x00000000e2c80000,0x00000000e34ae908,0x00000000e3c00000)
  to   space 15360K, 0% used [0x00000000e1d80000,0x00000000e1d80000,0x00000000e2c80000)
 ParOldGen       total 98816K, used 10592K [0x0000000080000000, 0x0000000086080000, 0x00000000d5580000)
  object space 98816K, 10% used [0x0000000080000000,0x0000000080a58118,0x0000000086080000)
 Metaspace       used 34345K, capacity 35404K, committed 35496K, reserved 1079296K
  class space    used 4733K, capacity 5003K, committed 5040K, reserved 1048576K
Event: 2.872 GC heap after
Heap after GC invocations=8 (full 2):
 PSYoungGen      total 220672K, used 0K [0x00000000d5580000, 0x00000000e3f00000, 0x0000000100000000)
  eden space 204800K, 0% used [0x00000000d5580000,0x00000000d5580000,0x00000000e1d80000)
  from space 15872K, 0% used [0x00000000e2c80000,0x00000000e2c80000,0x00000000e3c00000)
  to   space 15360K, 0% used [0x00000000e1d80000,0x00000000e1d80000,0x00000000e2c80000)
 ParOldGen       total 98816K, used 14729K [0x0000000080000000, 0x0000000086080000, 0x00000000d5580000)
  object space 98816K, 14% used [0x0000000080000000,0x0000000080e62780,0x0000000086080000)
 Metaspace       used 34345K, capacity 35404K, committed 35496K, reserved 1079296K
  class space    used 4733K, capacity 5003K, committed 5040K, reserved 1048576K
}

