# JRE version: OpenJDK Runtime Environment (8.0_242-b01) (build 1.8.0_242-release-1644-b01)
# Java VM: OpenJDK 64-Bit Server VM (25.242-b01 mixed mode windows-amd64 compressed oops)
Heap:
 PSYoungGen      total 590848K, used 299665K [0x00000000d5580000, 0x00000000ffe80000, 0x0000000100000000)
  eden space 498176K, 58% used [0x00000000d5580000,0x00000000e6fc3cb8,0x00000000f3c00000)
  from space 92672K, 11% used [0x00000000f3c00000,0x00000000f4660950,0x00000000f9680000)
  to   space 88576K, 0% used [0x00000000fa800000,0x00000000fa800000,0x00000000ffe80000)
 ParOldGen       total 377344K, used 232092K [0x0000000080000000, 0x0000000097080000, 0x00000000d5580000)
  object space 377344K, 61% used [0x0000000080000000,0x000000008e2a7238,0x0000000097080000)
 Metaspace       used 116541K, capacity 124220K, committed 124440K, reserved 1157120K
  class space    used 15738K, capacity 17096K, committed 17200K, reserved 1048576K
GC Heap History (10 events):
Event: 125.511 GC heap before
{Heap before GC invocations=33 (full 4):
 PSYoungGen      total 578048K, used 479813K [0x00000000d5580000, 0x00000000ff800000, 0x0000000100000000)
  eden space 471552K, 100% used [0x00000000d5580000,0x00000000f2200000,0x00000000f2200000)
  from space 106496K, 7% used [0x00000000f9000000,0x00000000f9811510,0x00000000ff800000)
  to   space 109568K, 0% used [0x00000000f2200000,0x00000000f2200000,0x00000000f8d00000)
 ParOldGen       total 377344K, used 194439K [0x0000000080000000, 0x0000000097080000, 0x00000000d5580000)
  object space 377344K, 51% used [0x0000000080000000,0x000000008bde1d90,0x0000000097080000)
 Metaspace       used 116427K, capacity 124080K, committed 124184K, reserved 1157120K
  class space    used 15738K, capacity 17096K, committed 17200K, reserved 1048576K
Event: 125.519 GC heap after
Heap after GC invocations=33 (full 4):
 PSYoungGen      total 581120K, used 7902K [0x00000000d5580000, 0x00000000ffc00000, 0x0000000100000000)
  eden space 471552K, 0% used [0x00000000d5580000,0x00000000d5580000,0x00000000f2200000)
  from space 109568K, 7% used [0x00000000f2200000,0x00000000f29b78b8,0x00000000f8d00000)
  to   space 105984K, 0% used [0x00000000f9480000,0x00000000f9480000,0x00000000ffc00000)
 ParOldGen       total 377344K, used 200911K [0x0000000080000000, 0x0000000097080000, 0x00000000d5580000)
  object space 377344K, 53% used [0x0000000080000000,0x000000008c433c10,0x0000000097080000)
 Metaspace       used 116427K, capacity 124080K, committed 124184K, reserved 1157120K
  class space    used 15738K, capacity 17096K, committed 17200K, reserved 1048576K
}
Event: 125.848 GC heap before
{Heap before GC invocations=34 (full 4):
 PSYoungGen      total 581120K, used 479454K [0x00000000d5580000, 0x00000000ffc00000, 0x0000000100000000)
  eden space 471552K, 100% used [0x00000000d5580000,0x00000000f2200000,0x00000000f2200000)
  from space 109568K, 7% used [0x00000000f2200000,0x00000000f29b78b8,0x00000000f8d00000)
  to   space 105984K, 0% used [0x00000000f9480000,0x00000000f9480000,0x00000000ffc00000)
 ParOldGen       total 377344K, used 200911K [0x0000000080000000, 0x0000000097080000, 0x00000000d5580000)
  object space 377344K, 53% used [0x0000000080000000,0x000000008c433c10,0x0000000097080000)
 Metaspace       used 116458K, capacity 124084K, committed 124440K, reserved 1157120K
  class space    used 15738K, capacity 17096K, committed 17200K, reserved 1048576K
Event: 125.858 GC heap after
Heap after GC invocations=34 (full 4):
 PSYoungGen      total 581632K, used 11136K [0x00000000d5580000, 0x00000000ff480000, 0x0000000100000000)
  eden space 483328K, 0% used [0x00000000d5580000,0x00000000d5580000,0x00000000f2d80000)
  from space 98304K, 11% used [0x00000000f9480000,0x00000000f9f602b8,0x00000000ff480000)
  to   space 101888K, 0% used [0x00000000f2d80000,0x00000000f2d80000,0x00000000f9100000)
 ParOldGen       total 377344K, used 207103K [0x0000000080000000, 0x0000000097080000, 0x00000000d5580000)
  object space 377344K, 54% used [0x0000000080000000,0x000000008ca3fd80,0x0000000097080000)
 Metaspace       used 116458K, capacity 124084K, committed 124440K, reserved 1157120K
  class space    used 15738K, capacity 17096K, committed 17200K, reserved 1048576K
}
Event: 126.171 GC heap before
{Heap before GC invocations=35 (full 4):
 PSYoungGen      total 581632K, used 494464K [0x00000000d5580000, 0x00000000ff480000, 0x0000000100000000)
  eden space 483328K, 100% used [0x00000000d5580000,0x00000000f2d80000,0x00000000f2d80000)
  from space 98304K, 11% used [0x00000000f9480000,0x00000000f9f602b8,0x00000000ff480000)
  to   space 101888K, 0% used [0x00000000f2d80000,0x00000000f2d80000,0x00000000f9100000)
 ParOldGen       total 377344K, used 207103K [0x0000000080000000, 0x0000000097080000, 0x00000000d5580000)
  object space 377344K, 54% used [0x0000000080000000,0x000000008ca3fd80,0x0000000097080000)
 Metaspace       used 116472K, capacity 124084K, committed 124440K, reserved 1157120K
  class space    used 15738K, capacity 17096K, committed 17200K, reserved 1048576K
Event: 126.179 GC heap after
Heap after GC invocations=35 (full 4):
 PSYoungGen      total 585216K, used 5109K [0x00000000d5580000, 0x00000000ffd80000, 0x0000000100000000)
  eden space 483328K, 0% used [0x00000000d5580000,0x00000000d5580000,0x00000000f2d80000)
  from space 101888K, 5% used [0x00000000f2d80000,0x00000000f327d460,0x00000000f9100000)
  to   space 98816K, 0% used [0x00000000f9d00000,0x00000000f9d00000,0x00000000ffd80000)
 ParOldGen       total 377344K, used 215431K [0x0000000080000000, 0x0000000097080000, 0x00000000d5580000)
  object space 377344K, 57% used [0x0000000080000000,0x000000008d261fc8,0x0000000097080000)
 Metaspace       used 116472K, capacity 124084K, committed 124440K, reserved 1157120K
  class space    used 15738K, capacity 17096K, committed 17200K, reserved 1048576K
}
Event: 126.503 GC heap before
{Heap before GC invocations=36 (full 4):
 PSYoungGen      total 585216K, used 488437K [0x00000000d5580000, 0x00000000ffd80000, 0x0000000100000000)
  eden space 483328K, 100% used [0x00000000d5580000,0x00000000f2d80000,0x00000000f2d80000)
  from space 101888K, 5% used [0x00000000f2d80000,0x00000000f327d460,0x00000000f9100000)
  to   space 98816K, 0% used [0x00000000f9d00000,0x00000000f9d00000,0x00000000ffd80000)
 ParOldGen       total 377344K, used 215431K [0x0000000080000000, 0x0000000097080000, 0x00000000d5580000)
  object space 377344K, 57% used [0x0000000080000000,0x000000008d261fc8,0x0000000097080000)
 Metaspace       used 116517K, capacity 124220K, committed 124440K, reserved 1157120K
  class space    used 15738K, capacity 17096K, committed 17200K, reserved 1048576K
Event: 126.512 GC heap after
Heap after GC invocations=36 (full 4):
 PSYoungGen      total 584192K, used 17457K [0x00000000d5580000, 0x00000000ff100000, 0x0000000100000000)
  eden space 498176K, 0% used [0x00000000d5580000,0x00000000d5580000,0x00000000f3c00000)
  from space 86016K, 20% used [0x00000000f9d00000,0x00000000fae0c5b0,0x00000000ff100000)
  to   space 92672K, 0% used [0x00000000f3c00000,0x00000000f3c00000,0x00000000f9680000)
 ParOldGen       total 377344K, used 217774K [0x0000000080000000, 0x0000000097080000, 0x00000000d5580000)
  object space 377344K, 57% used [0x0000000080000000,0x000000008d4ab898,0x0000000097080000)
 Metaspace       used 116517K, capacity 124220K, committed 124440K, reserved 1157120K
  class space    used 15738K, capacity 17096K, committed 17200K, reserved 1048576K
}
Event: 126.940 GC heap before
{Heap before GC invocations=37 (full 4):
 PSYoungGen      total 584192K, used 515633K [0x00000000d5580000, 0x00000000ff100000, 0x0000000100000000)
  eden space 498176K, 100% used [0x00000000d5580000,0x00000000f3c00000,0x00000000f3c00000)
  from space 86016K, 20% used [0x00000000f9d00000,0x00000000fae0c5b0,0x00000000ff100000)
  to   space 92672K, 0% used [0x00000000f3c00000,0x00000000f3c00000,0x00000000f9680000)
 ParOldGen       total 377344K, used 217774K [0x0000000080000000, 0x0000000097080000, 0x00000000d5580000)
  object space 377344K, 57% used [0x0000000080000000,0x000000008d4ab898,0x0000000097080000)
 Metaspace       used 116529K, capacity 124220K, committed 124440K, reserved 1157120K
  class space    used 15738K, capacity 17096K, committed 17200K, reserved 1048576K
Event: 126.958 GC heap after
Heap after GC invocations=37 (full 4):
 PSYoungGen      total 590848K, used 10626K [0x00000000d5580000, 0x00000000ffe80000, 0x0000000100000000)
  eden space 498176K, 0% used [0x00000000d5580000,0x00000000d5580000,0x00000000f3c00000)
  from space 92672K, 11% used [0x00000000f3c00000,0x00000000f4660950,0x00000000f9680000)
  to   space 88576K, 0% used [0x00000000fa800000,0x00000000fa800000,0x00000000ffe80000)
 ParOldGen       total 377344K, used 232092K [0x0000000080000000, 0x0000000097080000, 0x00000000d5580000)
  object space 377344K, 61% used [0x0000000080000000,0x000000008e2a7238,0x0000000097080000)
 Metaspace       used 116529K, capacity 124220K, committed 124440K, reserved 1157120K
  class space    used 15738K, capacity 17096K, committed 17200K, reserved 1048576K
}

